0 verbose cli /usr/local/nvm/versions/node/v20.11.0/bin/node /usr/local/nvm/versions/node/v20.11.0/bin/npm
1 info using npm@10.4.0
2 info using node@v20.11.0
3 timing npm:load:whichnode Completed in 58ms
4 timing config:load:defaults Completed in 5ms
5 timing config:load:file:/usr/local/nvm/versions/node/v20.11.0/lib/node_modules/npm/npmrc Completed in 14ms
6 timing config:load:builtin Completed in 14ms
7 timing config:load:cli Completed in 12ms
8 timing config:load:env Completed in 1ms
9 timing config:load:project Completed in 59ms
10 timing config:load:file:/home/agostina_cv/.npmrc Completed in 0ms
11 timing config:load:user Completed in 0ms
12 timing config:load:file:/usr/local/nvm/versions/node/v20.11.0/etc/npmrc Completed in 0ms
13 timing config:load:global Completed in 0ms
14 timing config:load:setEnvs Completed in 2ms
15 timing config:load Completed in 94ms
16 timing npm:load:configload Completed in 94ms
17 timing config:load:flatten Completed in 4ms
18 timing npm:load:mkdirpcache Completed in 10ms
19 timing npm:load:mkdirplogs Completed in 26ms
20 verbose title npm config get prefix
21 verbose argv "config" "--loglevel" "warn" "get" "prefix"
22 timing npm:load:setTitle Completed in 1ms
23 timing npm:load:display Completed in 1ms
24 verbose logfile logs-max:10 dir:/home/agostina_cv/.npm/_logs/2024-02-23T14_19_03_953Z-
25 verbose logfile /home/agostina_cv/.npm/_logs/2024-02-23T14_19_03_953Z-debug-0.log
26 timing npm:load:logFile Completed in 16ms
27 timing npm:load:timers Completed in 1ms
28 timing npm:load:configScope Completed in 0ms
29 timing npm:load Completed in 291ms
30 timing command:config Completed in 5ms
31 verbose exit 0
32 timing npm Completed in 448ms
33 info ok
