0 verbose cli /usr/local/nvm/versions/node/v20.11.1/bin/node /usr/local/nvm/versions/node/v20.11.1/bin/npm
1 info using npm@10.4.0
2 info using node@v20.11.1
3 timing npm:load:whichnode Completed in 2ms
4 timing config:load:defaults Completed in 2ms
5 timing config:load:file:/usr/local/nvm/versions/node/v20.11.1/lib/node_modules/npm/npmrc Completed in 5ms
6 timing config:load:builtin Completed in 5ms
7 timing config:load:cli Completed in 4ms
8 timing config:load:env Completed in 0ms
9 timing config:load:file:/google/devshell/editor/code-oss-for-cloud-shell/.npmrc Completed in 0ms
10 timing config:load:project Completed in 2ms
11 timing config:load:file:/home/agostina_cv/.npmrc Completed in 0ms
12 timing config:load:user Completed in 0ms
13 timing config:load:file:/usr/local/nvm/versions/node/v20.11.1/etc/npmrc Completed in 0ms
14 timing config:load:global Completed in 0ms
15 timing config:load:setEnvs Completed in 2ms
16 timing config:load Completed in 19ms
17 timing npm:load:configload Completed in 19ms
18 timing config:load:flatten Completed in 2ms
19 timing npm:load:mkdirpcache Completed in 0ms
20 timing npm:load:mkdirplogs Completed in 0ms
21 verbose title npm config get prefix
22 verbose argv "config" "--loglevel" "warn" "get" "prefix"
23 timing npm:load:setTitle Completed in 1ms
24 timing npm:load:display Completed in 1ms
25 verbose logfile logs-max:10 dir:/home/agostina_cv/.npm/_logs/2024-02-27T14_29_17_914Z-
26 verbose logfile /home/agostina_cv/.npm/_logs/2024-02-27T14_29_17_914Z-debug-0.log
27 timing npm:load:logFile Completed in 7ms
28 timing npm:load:timers Completed in 0ms
29 timing npm:load:configScope Completed in 0ms
30 timing npm:load Completed in 58ms
31 timing command:config Completed in 1ms
32 verbose exit 0
33 timing npm Completed in 88ms
34 info ok
