2024-02-27 14:29:42.627 [info] Extension host with pid 1114 started
2024-02-27 14:29:43.255 [info] ExtensionService#_doActivateExtension vscode.git-base, startup: true, activationEvent: '*', root cause: vscode.git
2024-02-27 14:29:44.510 [error] No bundle location found for extension vscode.git-base
2024-02-27 14:29:44.517 [info] ExtensionService#_doActivateExtension vscode.git, startup: true, activationEvent: '*'
2024-02-27 14:29:44.517 [info] ExtensionService#_doActivateExtension vscode.github, startup: true, activationEvent: '*'
2024-02-27 14:29:47.502 [error] No bundle location found for extension vscode.github
2024-02-27 14:29:47.502 [error] No bundle location found for extension vscode.git
2024-02-27 14:29:47.614 [warning] Using default string since no string found in i18n bundle that has the key: Log level: {0}
2024-02-27 14:29:47.616 [warning] Using default string since no string found in i18n bundle that has the key: Log level: {0}
2024-02-27 14:29:47.622 [warning] Using default string since no string found in i18n bundle that has the key: Validating found git in: "{0}"
2024-02-27 14:29:47.656 [warning] Using default string since no string found in i18n bundle that has the key: Enables the following features: {0}
2024-02-27 14:29:47.656 [warning] Using default string since no string found in i18n bundle that has the key: Using git "{0}" from "{1}"
2024-02-27 14:29:47.701 [warning] Using default string since no string found in i18n bundle that has the key: Git History
2024-02-27 14:29:47.704 [warning] Using default string since no string found in i18n bundle that has the key: Copy vscode.dev Link
2024-02-27 14:29:47.704 [info] Eager extensions activated
2024-02-27 14:29:47.705 [info] ExtensionService#_doActivateExtension EditorConfig.EditorConfig, startup: false, activationEvent: 'onStartupFinished'
2024-02-27 14:29:47.705 [info] ExtensionService#_doActivateExtension google.cloud-shell, startup: false, activationEvent: 'onStartupFinished'
2024-02-27 14:29:47.705 [info] ExtensionService#_doActivateExtension googlecloudtools.cloudcode, startup: false, activationEvent: 'onStartupFinished'
2024-02-27 14:29:47.705 [info] ExtensionService#_doActivateExtension vscode.debug-auto-launch, startup: false, activationEvent: 'onStartupFinished'
2024-02-27 14:29:47.706 [info] ExtensionService#_doActivateExtension vscode.merge-conflict, startup: false, activationEvent: 'onStartupFinished'
2024-02-27 14:29:49.003 [error] No bundle location found for extension EditorConfig.EditorConfig
2024-02-27 14:29:49.170 [error] No bundle location found for extension google.cloud-shell
2024-02-27 14:29:49.366 [error] No bundle location found for extension vscode.debug-auto-launch
2024-02-27 14:29:49.369 [warning] Using default string since no string found in i18n bundle that has the key: Auto Attach: Disabled
2024-02-27 14:29:49.370 [warning] Using default string since no string found in i18n bundle that has the key: Auto Attach: Always
2024-02-27 14:29:49.370 [warning] Using default string since no string found in i18n bundle that has the key: Auto Attach: Smart
2024-02-27 14:29:49.370 [warning] Using default string since no string found in i18n bundle that has the key: Auto Attach: With Flag
2024-02-27 14:29:49.370 [warning] Using default string since no string found in i18n bundle that has the key: Disabled
2024-02-27 14:29:49.370 [warning] Using default string since no string found in i18n bundle that has the key: Always
2024-02-27 14:29:49.370 [warning] Using default string since no string found in i18n bundle that has the key: Smart
2024-02-27 14:29:49.370 [warning] Using default string since no string found in i18n bundle that has the key: Only With Flag
2024-02-27 14:29:49.370 [warning] Using default string since no string found in i18n bundle that has the key: Auto attach is disabled and not shown in status bar
2024-02-27 14:29:49.370 [warning] Using default string since no string found in i18n bundle that has the key: Auto attach to every Node.js process launched in the terminal
2024-02-27 14:29:49.370 [warning] Using default string since no string found in i18n bundle that has the key: Auto attach when running scripts that aren't in a node_modules folder
2024-02-27 14:29:49.370 [warning] Using default string since no string found in i18n bundle that has the key: Only auto attach when the `--inspect` flag is given
2024-02-27 14:29:49.370 [warning] Using default string since no string found in i18n bundle that has the key: Toggle auto attach in this workspace
2024-02-27 14:29:49.370 [warning] Using default string since no string found in i18n bundle that has the key: Toggle auto attach on this machine
2024-02-27 14:29:49.370 [warning] Using default string since no string found in i18n bundle that has the key: Temporarily disable auto attach in this session
2024-02-27 14:29:49.370 [warning] Using default string since no string found in i18n bundle that has the key: Re-enable auto attach
2024-02-27 14:29:49.370 [warning] Using default string since no string found in i18n bundle that has the key: Auto Attach: Disabled
2024-02-27 14:29:49.534 [info] ExtensionService#_doActivateExtension vscode.json-language-features, startup: false, activationEvent: 'onLanguage:jsonc'
2024-02-27 14:29:49.534 [info] ExtensionService#_doActivateExtension vscode.typescript-language-features, startup: false, activationEvent: 'onLanguage:jsonc'
2024-02-27 14:29:49.535 [info] ExtensionService#_doActivateExtension vscode.emmet, startup: false, activationEvent: 'onLanguage'
2024-02-27 14:29:49.536 [error] No bundle location found for extension vscode.merge-conflict
2024-02-27 14:29:49.565 [warning] Using default string since no string found in i18n bundle that has the key: (Current Change)
2024-02-27 14:29:49.565 [warning] Using default string since no string found in i18n bundle that has the key: (Incoming Change)
2024-02-27 14:29:49.716 [error] No bundle location found for extension googlecloudtools.cloudcode
2024-02-27 14:29:51.357 [error] No bundle location found for extension vscode.json-language-features
2024-02-27 14:29:51.455 [warning] Using default string since no string found in i18n bundle that has the key: Configure
2024-02-27 14:29:51.455 [warning] Using default string since no string found in i18n bundle that has the key: JSON Language Server
2024-02-27 14:29:51.517 [warning] Using default string since no string found in i18n bundle that has the key: JSON: Schema Resolution Error
2024-02-27 14:29:51.585 [error] No bundle location found for extension vscode.typescript-language-features
2024-02-27 14:29:51.756 [warning] Using default string since no string found in i18n bundle that has the key: Learn more about managing TypeScript versions
2024-02-27 14:29:51.856 [warning] Using default string since no string found in i18n bundle that has the key: Unable to resolve schema. Click to retry.
2024-02-27 14:29:51.857 [warning] Using default string since no string found in i18n bundle that has the key: JSON Validation Status
2024-02-27 14:29:51.857 [warning] Using default string since no string found in i18n bundle that has the key: Unable to compute used schemas: No document
2024-02-27 14:29:52.004 [error] No bundle location found for extension vscode.emmet
2024-02-27 14:30:06.371 [info] Extension host terminating: received terminate message from renderer
2024-02-27 14:30:06.390 [info] Extension host with pid 1114 exiting with code 0
