2024-02-27 14:40:14.462 [info] Extension host with pid 2158 started
2024-02-27 14:40:14.848 [info] ExtensionService#_doActivateExtension vscode.git-base, startup: true, activationEvent: '*', root cause: vscode.git
2024-02-27 14:40:16.635 [error] No bundle location found for extension vscode.git-base
2024-02-27 14:40:16.640 [info] ExtensionService#_doActivateExtension vscode.git, startup: true, activationEvent: '*'
2024-02-27 14:40:16.641 [info] ExtensionService#_doActivateExtension vscode.github, startup: true, activationEvent: '*'
2024-02-27 14:40:17.237 [error] No bundle location found for extension vscode.git
2024-02-27 14:40:17.305 [warning] Using default string since no string found in i18n bundle that has the key: Log level: {0}
2024-02-27 14:40:17.314 [warning] Using default string since no string found in i18n bundle that has the key: Validating found git in: "{0}"
2024-02-27 14:40:17.347 [warning] Using default string since no string found in i18n bundle that has the key: Enables the following features: {0}
2024-02-27 14:40:17.347 [warning] Using default string since no string found in i18n bundle that has the key: Using git "{0}" from "{1}"
2024-02-27 14:40:17.354 [warning] Using default string since no string found in i18n bundle that has the key: Git History
2024-02-27 14:40:17.454 [error] No bundle location found for extension vscode.github
2024-02-27 14:40:17.481 [warning] Using default string since no string found in i18n bundle that has the key: Log level: {0}
2024-02-27 14:40:17.484 [warning] Using default string since no string found in i18n bundle that has the key: Copy vscode.dev Link
2024-02-27 14:40:17.484 [info] Eager extensions activated
2024-02-27 14:40:17.484 [info] ExtensionService#_doActivateExtension EditorConfig.EditorConfig, startup: false, activationEvent: 'onStartupFinished'
2024-02-27 14:40:17.484 [info] ExtensionService#_doActivateExtension google.cloud-shell, startup: false, activationEvent: 'onStartupFinished'
2024-02-27 14:40:17.485 [info] ExtensionService#_doActivateExtension googlecloudtools.cloudcode, startup: false, activationEvent: 'onStartupFinished'
2024-02-27 14:40:17.485 [info] ExtensionService#_doActivateExtension vscode.debug-auto-launch, startup: false, activationEvent: 'onStartupFinished'
2024-02-27 14:40:17.485 [info] ExtensionService#_doActivateExtension vscode.merge-conflict, startup: false, activationEvent: 'onStartupFinished'
2024-02-27 14:40:18.109 [error] No bundle location found for extension EditorConfig.EditorConfig
2024-02-27 14:40:18.332 [error] No bundle location found for extension googlecloudtools.cloudcode
2024-02-27 14:40:19.228 [error] No bundle location found for extension google.cloud-shell
2024-02-27 14:40:19.228 [error] No bundle location found for extension vscode.debug-auto-launch
2024-02-27 14:40:19.228 [error] No bundle location found for extension vscode.merge-conflict
2024-02-27 14:40:19.243 [warning] Using default string since no string found in i18n bundle that has the key: Auto Attach: Disabled
2024-02-27 14:40:19.243 [warning] Using default string since no string found in i18n bundle that has the key: Auto Attach: Always
2024-02-27 14:40:19.243 [warning] Using default string since no string found in i18n bundle that has the key: Auto Attach: Smart
2024-02-27 14:40:19.243 [warning] Using default string since no string found in i18n bundle that has the key: Auto Attach: With Flag
2024-02-27 14:40:19.243 [warning] Using default string since no string found in i18n bundle that has the key: Disabled
2024-02-27 14:40:19.243 [warning] Using default string since no string found in i18n bundle that has the key: Always
2024-02-27 14:40:19.243 [warning] Using default string since no string found in i18n bundle that has the key: Smart
2024-02-27 14:40:19.243 [warning] Using default string since no string found in i18n bundle that has the key: Only With Flag
2024-02-27 14:40:19.243 [warning] Using default string since no string found in i18n bundle that has the key: Auto attach is disabled and not shown in status bar
2024-02-27 14:40:19.243 [warning] Using default string since no string found in i18n bundle that has the key: Auto attach to every Node.js process launched in the terminal
2024-02-27 14:40:19.243 [warning] Using default string since no string found in i18n bundle that has the key: Auto attach when running scripts that aren't in a node_modules folder
2024-02-27 14:40:19.243 [warning] Using default string since no string found in i18n bundle that has the key: Only auto attach when the `--inspect` flag is given
2024-02-27 14:40:19.243 [warning] Using default string since no string found in i18n bundle that has the key: Toggle auto attach in this workspace
2024-02-27 14:40:19.243 [warning] Using default string since no string found in i18n bundle that has the key: Toggle auto attach on this machine
2024-02-27 14:40:19.243 [warning] Using default string since no string found in i18n bundle that has the key: Temporarily disable auto attach in this session
2024-02-27 14:40:19.243 [warning] Using default string since no string found in i18n bundle that has the key: Re-enable auto attach
2024-02-27 14:40:19.243 [warning] Using default string since no string found in i18n bundle that has the key: Auto Attach: Disabled
2024-02-27 14:40:19.267 [warning] Using default string since no string found in i18n bundle that has the key: (Current Change)
2024-02-27 14:40:19.268 [warning] Using default string since no string found in i18n bundle that has the key: (Incoming Change)
2024-02-27 14:40:19.590 [info] ExtensionService#_doActivateExtension vscode.json-language-features, startup: false, activationEvent: 'onLanguage:jsonc'
2024-02-27 14:40:19.590 [info] ExtensionService#_doActivateExtension vscode.typescript-language-features, startup: false, activationEvent: 'onLanguage:jsonc'
2024-02-27 14:40:19.632 [info] ExtensionService#_doActivateExtension vscode.emmet, startup: false, activationEvent: 'onLanguage'
2024-02-27 14:40:20.527 [error] No bundle location found for extension vscode.typescript-language-features
2024-02-27 14:40:20.602 [warning] Using default string since no string found in i18n bundle that has the key: Learn more about managing TypeScript versions
2024-02-27 14:40:20.626 [error] No bundle location found for extension vscode.emmet
2024-02-27 14:40:20.626 [error] No bundle location found for extension vscode.json-language-features
2024-02-27 14:40:20.730 [warning] Using default string since no string found in i18n bundle that has the key: Configure
2024-02-27 14:40:20.730 [warning] Using default string since no string found in i18n bundle that has the key: JSON Language Server
2024-02-27 14:40:20.761 [warning] Using default string since no string found in i18n bundle that has the key: JSON: Schema Resolution Error
2024-02-27 14:40:20.938 [warning] Using default string since no string found in i18n bundle that has the key: Unable to resolve schema. Click to retry.
2024-02-27 14:40:20.939 [warning] Using default string since no string found in i18n bundle that has the key: JSON Validation Status
2024-02-27 14:40:20.939 [warning] Using default string since no string found in i18n bundle that has the key: Unable to compute used schemas: No document
2024-02-27 14:41:24.261 [warning] Using default string since no string found in i18n bundle that has the key: (Current Change)
2024-02-27 14:41:24.261 [warning] Using default string since no string found in i18n bundle that has the key: (Incoming Change)
2024-02-27 14:43:59.243 [info] ExtensionService#_doActivateExtension vscode.npm, startup: false, activationEvent: 'onTerminalQuickFixRequest:ms-vscode.npm-command'
2024-02-27 14:44:01.404 [error] No bundle location found for extension vscode.npm
